<?xml version="1.0" encoding="UTF-8"?>
<!-- Generated by org.testng.reporters.JUnitReportReporter -->
<testsuite skipped="0" hostname="maverick-MacBook-Air.local" name="com.my.testCases.UserRegisterationTest" tests="1" failures="0" timestamp="2020-07-24T11:14:08 IST" time="6.586" errors="0">
  <testcase name="RegisterTest" time="6.586" classname="com.my.testCases.UserRegisterationTest"/>
  <system-out/>
</testsuite> <!-- com.my.testCases.UserRegisterationTest -->
